00000000                                     1    		ORG	$0
00000000  00008000                           2  		DC.L	$8000	; adresse de la pile
00000004  00000AC0                           3  		DC.L	calcul	; pour initialisation PC (Compteur Ordinal)
00000008                                     4  
00000008                                     5  * declaration des "variables" du programme
00000008                                     6  * on les initialise avec la directive DC 
00000008                                     7  
00000A00                                     8  		ORG	$A00
00000A00  12                                 9  PrixBonbon	DC.B	18
00000A01  09                                10  PrixChocolat	DC.B	9
00000A02  33                                11  PrixGateau	DC.B	51
00000A03  00                                12  Depenses	DC.B	0
00000A04  64                                13  Etrennes	DC.B	100
00000A05  00                                14  Solde		DC.B	0
00000A06                                    15  
00000A06                                    16  
00000A06                                    17  
00000A06                                    18  
00000A06                                    19  * debut des instructions du programme
00000A06                                    20  
00000AC0                                    21  		ORG	$AC0
00000AC0  11FC 0000 0A05                    22  calcul		MOVE.B	#$0,Solde	* Mise à jour de N et Z
00000AC6                                    23  
00000AC6  6B00 001E                         24  si1		BMI	sinon1		
00000ACA  4E71                              25  alors1		NOP
00000ACC  6700 000A                         26  si2		BEQ	sinon2
00000AD0  303C AAAA                         27  alors2		MOVE.W	#$AAAA,D0
00000AD4  6000 0006                         28  		BRA 	finsi2	
00000AD8  303C CCCC                         29  sinon2		MOVE.W	#$CCCC,D0
00000ADC  4E71                              30  finsi2		NOP
00000ADE  323C 1111                         31  		MOVE.W	#$1111,D1	
00000AE2  6000 0006                         32  		BRA 	finsi1	
00000AE6  303C FFFF                         33  sinon1		MOVE.W	#$FFFF,D0
00000AEA  4E71                              34  finsi1		NOP
00000AEC  343C 2222                         35  		MOVE.W	#$2222,D2
00000AF0                                    36  
00000AF0                                    37  * fin du programme principal
00000AF0  4848                              38  		BREAK	
00000AF2                                    39  
00000AF2                                    40  * fin du contenu a assembler
00000AF2                                    41  		END

No errors detected
No warnings generated
